<?xml version="1.0" encoding="UTF-8"?>
<testng-results ignored="0" total="3" passed="3" failed="0" skipped="0">
  <reporter-output>
  </reporter-output>
  <suite started-at="2024-02-21T06:31:25 IST" name="Suite" finished-at="2024-02-21T06:31:43 IST" duration-ms="17831">
    <groups>
    </groups>
    <test started-at="2024-02-21T06:31:25 IST" name="Test" finished-at="2024-02-21T06:31:43 IST" duration-ms="17831">
      <class name="test.bookingFlight">
        <test-method is-config="true" signature="launchbrowser1(java.lang.String,java.lang.String)[pri:0, instance:test.bookingFlight@59402b8f]" started-at="2024-02-21T06:31:25 IST" name="launchbrowser1" finished-at="2024-02-21T06:31:32 IST" duration-ms="7007" status="PASS">
          <params>
            <param index="0">
              <value>
                <![CDATA[chrome]]>
              </value>
            </param>
            <param index="1">
              <value>
                <![CDATA[https://www.spicejet.com/]]>
              </value>
            </param>
          </params>
          <reporter-output>
          </reporter-output>
        </test-method> <!-- launchbrowser1 -->
        <test-method is-config="true" signature="launchBrowser(java.lang.String,java.lang.String)[pri:0, instance:test.bookingFlight@59402b8f]" started-at="2024-02-21T06:31:32 IST" name="launchBrowser" finished-at="2024-02-21T06:31:32 IST" duration-ms="1" status="PASS">
          <params>
            <param index="0">
              <value>
                <![CDATA[chrome]]>
              </value>
            </param>
            <param index="1">
              <value>
                <![CDATA[https://www.spicejet.com/]]>
              </value>
            </param>
          </params>
          <reporter-output>
          </reporter-output>
        </test-method> <!-- launchBrowser -->
        <test-method signature="searchingFlightOneWay()[pri:0, instance:test.bookingFlight@59402b8f]" started-at="2024-02-21T06:31:32 IST" name="searchingFlightOneWay" finished-at="2024-02-21T06:31:35 IST" duration-ms="2471" status="PASS">
          <reporter-output>
          </reporter-output>
        </test-method> <!-- searchingFlightOneWay -->
        <test-method is-config="true" signature="tear(org.testng.ITestResult)[pri:0, instance:test.bookingFlight@59402b8f]" started-at="2024-02-21T06:31:35 IST" name="tear" finished-at="2024-02-21T06:31:35 IST" duration-ms="1" status="PASS">
          <params>
            <param index="0">
              <value>
                <![CDATA[[TestResult name=searchingFlightOneWay status=SUCCESS method=bookingFlight.searchingFlightOneWay()[pri:0, instance:test.bookingFlight@59402b8f] output={null}]]]>
              </value>
            </param>
          </params>
          <reporter-output>
          </reporter-output>
        </test-method> <!-- tear -->
        <test-method signature="bookindFlight()[pri:0, instance:test.bookingFlight@59402b8f]" started-at="2024-02-21T06:31:35 IST" name="bookindFlight" finished-at="2024-02-21T06:31:38 IST" depends-on-methods="test.bookingFlight.searchingFlightOneWay" duration-ms="2994" status="PASS">
          <reporter-output>
          </reporter-output>
        </test-method> <!-- bookindFlight -->
        <test-method is-config="true" signature="launchBrowser(java.lang.String,java.lang.String)[pri:0, instance:test.bookingFlight@59402b8f]" started-at="2024-02-21T06:31:35 IST" name="launchBrowser" finished-at="2024-02-21T06:31:35 IST" duration-ms="0" status="PASS">
          <params>
            <param index="0">
              <value>
                <![CDATA[chrome]]>
              </value>
            </param>
            <param index="1">
              <value>
                <![CDATA[https://www.spicejet.com/]]>
              </value>
            </param>
          </params>
          <reporter-output>
          </reporter-output>
        </test-method> <!-- launchBrowser -->
        <test-method is-config="true" signature="tear(org.testng.ITestResult)[pri:0, instance:test.bookingFlight@59402b8f]" started-at="2024-02-21T06:31:38 IST" name="tear" finished-at="2024-02-21T06:31:38 IST" duration-ms="0" status="PASS">
          <params>
            <param index="0">
              <value>
                <![CDATA[[TestResult name=bookindFlight status=SUCCESS method=bookingFlight.bookindFlight()[pri:0, instance:test.bookingFlight@59402b8f] output={null}]]]>
              </value>
            </param>
          </params>
          <reporter-output>
          </reporter-output>
        </test-method> <!-- tear -->
        <test-method signature="fillingContactAndPassangerDetails()[pri:0, instance:test.bookingFlight@59402b8f]" started-at="2024-02-21T06:31:38 IST" name="fillingContactAndPassangerDetails" finished-at="2024-02-21T06:31:43 IST" depends-on-methods="test.bookingFlight.bookindFlight, test.bookingFlight.searchingFlightOneWay" duration-ms="5131" status="PASS">
          <reporter-output>
          </reporter-output>
        </test-method> <!-- fillingContactAndPassangerDetails -->
        <test-method is-config="true" signature="launchBrowser(java.lang.String,java.lang.String)[pri:0, instance:test.bookingFlight@59402b8f]" started-at="2024-02-21T06:31:38 IST" name="launchBrowser" finished-at="2024-02-21T06:31:38 IST" duration-ms="0" status="PASS">
          <params>
            <param index="0">
              <value>
                <![CDATA[chrome]]>
              </value>
            </param>
            <param index="1">
              <value>
                <![CDATA[https://www.spicejet.com/]]>
              </value>
            </param>
          </params>
          <reporter-output>
          </reporter-output>
        </test-method> <!-- launchBrowser -->
        <test-method is-config="true" signature="tear(org.testng.ITestResult)[pri:0, instance:test.bookingFlight@59402b8f]" started-at="2024-02-21T06:31:43 IST" name="tear" finished-at="2024-02-21T06:31:43 IST" duration-ms="0" status="PASS">
          <params>
            <param index="0">
              <value>
                <![CDATA[[TestResult name=fillingContactAndPassangerDetails status=SUCCESS method=bookingFlight.fillingContactAndPassangerDetails()[pri:0, instance:test.bookingFlight@59402b8f] output={null}]]]>
              </value>
            </param>
          </params>
          <reporter-output>
          </reporter-output>
        </test-method> <!-- tear -->
        <test-method is-config="true" signature="tear()[pri:0, instance:test.bookingFlight@59402b8f]" started-at="2024-02-21T06:31:43 IST" name="tear" finished-at="2024-02-21T06:31:43 IST" duration-ms="170" status="PASS">
          <reporter-output>
          </reporter-output>
        </test-method> <!-- tear -->
      </class> <!-- test.bookingFlight -->
    </test> <!-- Test -->
  </suite> <!-- Suite -->
</testng-results>
