<?xml version="1.0" encoding="UTF-8"?>
<!-- Generated by org.testng.reporters.JUnitXMLReporter -->
<testsuite ignored="0" hostname="DESKTOP-G0IG718" failures="0" tests="3" name="Test" time="17.831" errors="0" timestamp="2024-02-21T06:31:43 IST">
  <testcase classname="test.bookingFlight" name="searchingFlightOneWay" time="2.471"/>
  <testcase classname="test.bookingFlight" name="bookindFlight" time="2.994"/>
  <testcase classname="test.bookingFlight" name="fillingContactAndPassangerDetails" time="5.131"/>
</testsuite> <!-- Test -->
